# JRE version: Java(TM) SE Runtime Environment (8.0_251-b08) (build 1.8.0_251-b08)
# Java VM: Java HotSpot(TM) 64-Bit Server VM (25.251-b08 mixed mode windows-amd64 compressed oops)
Heap:
 PSYoungGen      total 114688K, used 3809K [0x0000000740800000, 0x000000074e800000, 0x00000007c0000000)
  eden space 98304K, 3% used [0x0000000740800000,0x0000000740bb8710,0x0000000746800000)
  from space 16384K, 0% used [0x0000000746800000,0x0000000746800000,0x0000000747800000)
  to   space 16384K, 0% used [0x000000074d800000,0x000000074d800000,0x000000074e800000)
 ParOldGen       total 181248K, used 18185K [0x0000000641800000, 0x000000064c900000, 0x0000000740800000)
  object space 181248K, 10% used [0x0000000641800000,0x00000006429c25d0,0x000000064c900000)
 Metaspace       used 21299K, capacity 21544K, committed 21760K, reserved 1069056K
  class space    used 2690K, capacity 2760K, committed 2816K, reserved 1048576K
GC Heap History (8 events):
Event: 1.434 GC heap before
{Heap before GC invocations=1 (full 0):
 PSYoungGen      total 114688K, used 98304K [0x0000000740800000, 0x0000000748800000, 0x00000007c0000000)
  eden space 98304K, 100% used [0x0000000740800000,0x0000000746800000,0x0000000746800000)
  from space 16384K, 0% used [0x0000000747800000,0x0000000747800000,0x0000000748800000)
  to   space 16384K, 0% used [0x0000000746800000,0x0000000746800000,0x0000000747800000)
 ParOldGen       total 262144K, used 0K [0x0000000641800000, 0x0000000651800000, 0x0000000740800000)
  object space 262144K, 0% used [0x0000000641800000,0x0000000641800000,0x0000000651800000)
 Metaspace       used 11688K, capacity 11828K, committed 12032K, reserved 1060864K
  class space    used 1494K, capacity 1526K, committed 1536K, reserved 1048576K
Event: 1.448 GC heap after
Heap after GC invocations=1 (full 0):
 PSYoungGen      total 114688K, used 16368K [0x0000000740800000, 0x0000000748800000, 0x00000007c0000000)
  eden space 98304K, 0% used [0x0000000740800000,0x0000000740800000,0x0000000746800000)
  from space 16384K, 99% used [0x0000000746800000,0x00000007477fc108,0x0000000747800000)
  to   space 16384K, 0% used [0x0000000747800000,0x0000000747800000,0x0000000748800000)
 ParOldGen       total 262144K, used 2284K [0x0000000641800000, 0x0000000651800000, 0x0000000740800000)
  object space 262144K, 0% used [0x0000000641800000,0x0000000641a3b150,0x0000000651800000)
 Metaspace       used 11688K, capacity 11828K, committed 12032K, reserved 1060864K
  class space    used 1494K, capacity 1526K, committed 1536K, reserved 1048576K
}
Event: 3.109 GC heap before
{Heap before GC invocations=2 (full 0):
 PSYoungGen      total 114688K, used 114672K [0x0000000740800000, 0x0000000748800000, 0x00000007c0000000)
  eden space 98304K, 100% used [0x0000000740800000,0x0000000746800000,0x0000000746800000)
  from space 16384K, 99% used [0x0000000746800000,0x00000007477fc108,0x0000000747800000)
  to   space 16384K, 0% used [0x0000000747800000,0x0000000747800000,0x0000000748800000)
 ParOldGen       total 262144K, used 2284K [0x0000000641800000, 0x0000000651800000, 0x0000000740800000)
  object space 262144K, 0% used [0x0000000641800000,0x0000000641a3b150,0x0000000651800000)
 Metaspace       used 20075K, capacity 20346K, committed 20608K, reserved 1067008K
  class space    used 2576K, capacity 2651K, committed 2688K, reserved 1048576K
Event: 3.134 GC heap after
Heap after GC invocations=2 (full 0):
 PSYoungGen      total 114688K, used 16356K [0x0000000740800000, 0x000000074e800000, 0x00000007c0000000)
  eden space 98304K, 0% used [0x0000000740800000,0x0000000740800000,0x0000000746800000)
  from space 16384K, 99% used [0x0000000747800000,0x00000007487f91d8,0x0000000748800000)
  to   space 16384K, 0% used [0x0000000746800000,0x0000000746800000,0x0000000747800000)
 ParOldGen       total 262144K, used 9593K [0x0000000641800000, 0x0000000651800000, 0x0000000740800000)
  object space 262144K, 3% used [0x0000000641800000,0x000000064215e420,0x0000000651800000)
 Metaspace       used 20075K, capacity 20346K, committed 20608K, reserved 1067008K
  class space    used 2576K, capacity 2651K, committed 2688K, reserved 1048576K
}
Event: 3.731 GC heap before
{Heap before GC invocations=3 (full 0):
 PSYoungGen      total 114688K, used 55154K [0x0000000740800000, 0x000000074e800000, 0x00000007c0000000)
  eden space 98304K, 39% used [0x0000000740800000,0x0000000742de3990,0x0000000746800000)
  from space 16384K, 99% used [0x0000000747800000,0x00000007487f91d8,0x0000000748800000)
  to   space 16384K, 0% used [0x0000000746800000,0x0000000746800000,0x0000000747800000)
 ParOldGen       total 262144K, used 9593K [0x0000000641800000, 0x0000000651800000, 0x0000000740800000)
  object space 262144K, 3% used [0x0000000641800000,0x000000064215e420,0x0000000651800000)
 Metaspace       used 20891K, capacity 21128K, committed 21248K, reserved 1067008K
  class space    used 2637K, capacity 2728K, committed 2816K, reserved 1048576K
Event: 3.742 GC heap after
Heap after GC invocations=3 (full 0):
 PSYoungGen      total 114688K, used 16366K [0x0000000740800000, 0x000000074e800000, 0x00000007c0000000)
  eden space 98304K, 0% used [0x0000000740800000,0x0000000740800000,0x0000000746800000)
  from space 16384K, 99% used [0x0000000746800000,0x00000007477fbaf8,0x0000000747800000)
  to   space 16384K, 0% used [0x000000074d800000,0x000000074d800000,0x000000074e800000)
 ParOldGen       total 262144K, used 10113K [0x0000000641800000, 0x0000000651800000, 0x0000000740800000)
  object space 262144K, 3% used [0x0000000641800000,0x00000006421e0698,0x0000000651800000)
 Metaspace       used 20891K, capacity 21128K, committed 21248K, reserved 1067008K
  class space    used 2637K, capacity 2728K, committed 2816K, reserved 1048576K
}
Event: 3.742 GC heap before
{Heap before GC invocations=4 (full 1):
 PSYoungGen      total 114688K, used 16366K [0x0000000740800000, 0x000000074e800000, 0x00000007c0000000)
  eden space 98304K, 0% used [0x0000000740800000,0x0000000740800000,0x0000000746800000)
  from space 16384K, 99% used [0x0000000746800000,0x00000007477fbaf8,0x0000000747800000)
  to   space 16384K, 0% used [0x000000074d800000,0x000000074d800000,0x000000074e800000)
 ParOldGen       total 262144K, used 10113K [0x0000000641800000, 0x0000000651800000, 0x0000000740800000)
  object space 262144K, 3% used [0x0000000641800000,0x00000006421e0698,0x0000000651800000)
 Metaspace       used 20891K, capacity 21128K, committed 21248K, reserved 1067008K
  class space    used 2637K, capacity 2728K, committed 2816K, reserved 1048576K
Event: 3.808 GC heap after
Heap after GC invocations=4 (full 1):
 PSYoungGen      total 114688K, used 0K [0x0000000740800000, 0x000000074e800000, 0x00000007c0000000)
  eden space 98304K, 0% used [0x0000000740800000,0x0000000740800000,0x0000000746800000)
  from space 16384K, 0% used [0x0000000746800000,0x0000000746800000,0x0000000747800000)
  to   space 16384K, 0% used [0x000000074d800000,0x000000074d800000,0x000000074e800000)
 ParOldGen       total 181248K, used 18185K [0x0000000641800000, 0x000000064c900000, 0x0000000740800000)
  object space 181248K, 10% used [0x0000000641800000,0x00000006429c25d0,0x000000064c900000)
 Metaspace       used 20891K, capacity 21128K, committed 21248K, reserved 1067008K
  class space    used 2637K, capacity 2728K, committed 2816K, reserved 1048576K
}

