# JRE version: Java(TM) SE Runtime Environment (8.0_251-b08) (build 1.8.0_251-b08)
# Java VM: Java HotSpot(TM) 64-Bit Server VM (25.251-b08 mixed mode windows-amd64 compressed oops)
Heap:
 PSYoungGen      total 212992K, used 3810K [0x0000000740800000, 0x000000075a800000, 0x00000007c0000000)
  eden space 196608K, 1% used [0x0000000740800000,0x0000000740bb8ae8,0x000000074c800000)
  from space 16384K, 0% used [0x000000074c800000,0x000000074c800000,0x000000074d800000)
  to   space 16384K, 0% used [0x0000000759800000,0x0000000759800000,0x000000075a800000)
 ParOldGen       total 173568K, used 18228K [0x0000000641800000, 0x000000064c180000, 0x0000000740800000)
  object space 173568K, 10% used [0x0000000641800000,0x00000006429cd0a0,0x000000064c180000)
 Metaspace       used 21056K, capacity 21306K, committed 21504K, reserved 1069056K
  class space    used 2682K, capacity 2753K, committed 2816K, reserved 1048576K
GC Heap History (8 events):
Event: 1.397 GC heap before
{Heap before GC invocations=1 (full 0):
 PSYoungGen      total 114688K, used 98304K [0x0000000740800000, 0x0000000748800000, 0x00000007c0000000)
  eden space 98304K, 100% used [0x0000000740800000,0x0000000746800000,0x0000000746800000)
  from space 16384K, 0% used [0x0000000747800000,0x0000000747800000,0x0000000748800000)
  to   space 16384K, 0% used [0x0000000746800000,0x0000000746800000,0x0000000747800000)
 ParOldGen       total 262144K, used 0K [0x0000000641800000, 0x0000000651800000, 0x0000000740800000)
  object space 262144K, 0% used [0x0000000641800000,0x0000000641800000,0x0000000651800000)
 Metaspace       used 11687K, capacity 11828K, committed 12032K, reserved 1060864K
  class space    used 1495K, capacity 1526K, committed 1536K, reserved 1048576K
Event: 1.415 GC heap after
Heap after GC invocations=1 (full 0):
 PSYoungGen      total 114688K, used 16354K [0x0000000740800000, 0x000000074e800000, 0x00000007c0000000)
  eden space 98304K, 0% used [0x0000000740800000,0x0000000740800000,0x0000000746800000)
  from space 16384K, 99% used [0x0000000746800000,0x00000007477f8a60,0x0000000747800000)
  to   space 16384K, 0% used [0x000000074d800000,0x000000074d800000,0x000000074e800000)
 ParOldGen       total 262144K, used 2402K [0x0000000641800000, 0x0000000651800000, 0x0000000740800000)
  object space 262144K, 0% used [0x0000000641800000,0x0000000641a58800,0x0000000651800000)
 Metaspace       used 11687K, capacity 11828K, committed 12032K, reserved 1060864K
  class space    used 1495K, capacity 1526K, committed 1536K, reserved 1048576K
}
Event: 2.969 GC heap before
{Heap before GC invocations=2 (full 0):
 PSYoungGen      total 114688K, used 114658K [0x0000000740800000, 0x000000074e800000, 0x00000007c0000000)
  eden space 98304K, 100% used [0x0000000740800000,0x0000000746800000,0x0000000746800000)
  from space 16384K, 99% used [0x0000000746800000,0x00000007477f8a60,0x0000000747800000)
  to   space 16384K, 0% used [0x000000074d800000,0x000000074d800000,0x000000074e800000)
 ParOldGen       total 262144K, used 2402K [0x0000000641800000, 0x0000000651800000, 0x0000000740800000)
  object space 262144K, 0% used [0x0000000641800000,0x0000000641a58800,0x0000000651800000)
 Metaspace       used 20217K, capacity 20538K, committed 20736K, reserved 1067008K
  class space    used 2589K, capacity 2689K, committed 2816K, reserved 1048576K
Event: 2.993 GC heap after
Heap after GC invocations=2 (full 0):
 PSYoungGen      total 212992K, used 16352K [0x0000000740800000, 0x000000074e800000, 0x00000007c0000000)
  eden space 196608K, 0% used [0x0000000740800000,0x0000000740800000,0x000000074c800000)
  from space 16384K, 99% used [0x000000074d800000,0x000000074e7f8070,0x000000074e800000)
  to   space 16384K, 0% used [0x000000074c800000,0x000000074c800000,0x000000074d800000)
 ParOldGen       total 262144K, used 10057K [0x0000000641800000, 0x0000000651800000, 0x0000000740800000)
  object space 262144K, 3% used [0x0000000641800000,0x00000006421d2768,0x0000000651800000)
 Metaspace       used 20217K, capacity 20538K, committed 20736K, reserved 1067008K
  class space    used 2589K, capacity 2689K, committed 2816K, reserved 1048576K
}
Event: 3.294 GC heap before
{Heap before GC invocations=3 (full 0):
 PSYoungGen      total 212992K, used 25373K [0x0000000740800000, 0x000000074e800000, 0x00000007c0000000)
  eden space 196608K, 4% used [0x0000000740800000,0x00000007410cf550,0x000000074c800000)
  from space 16384K, 99% used [0x000000074d800000,0x000000074e7f8070,0x000000074e800000)
  to   space 16384K, 0% used [0x000000074c800000,0x000000074c800000,0x000000074d800000)
 ParOldGen       total 262144K, used 10057K [0x0000000641800000, 0x0000000651800000, 0x0000000740800000)
  object space 262144K, 3% used [0x0000000641800000,0x00000006421d2768,0x0000000651800000)
 Metaspace       used 20843K, capacity 21082K, committed 21248K, reserved 1067008K
  class space    used 2650K, capacity 2721K, committed 2816K, reserved 1048576K
Event: 3.310 GC heap after
Heap after GC invocations=3 (full 0):
 PSYoungGen      total 212992K, used 16357K [0x0000000740800000, 0x000000075a800000, 0x00000007c0000000)
  eden space 196608K, 0% used [0x0000000740800000,0x0000000740800000,0x000000074c800000)
  from space 16384K, 99% used [0x000000074c800000,0x000000074d7f9628,0x000000074d800000)
  to   space 16384K, 0% used [0x0000000759800000,0x0000000759800000,0x000000075a800000)
 ParOldGen       total 262144K, used 10321K [0x0000000641800000, 0x0000000651800000, 0x0000000740800000)
  object space 262144K, 3% used [0x0000000641800000,0x00000006422146f0,0x0000000651800000)
 Metaspace       used 20843K, capacity 21082K, committed 21248K, reserved 1067008K
  class space    used 2650K, capacity 2721K, committed 2816K, reserved 1048576K
}
Event: 3.310 GC heap before
{Heap before GC invocations=4 (full 1):
 PSYoungGen      total 212992K, used 16357K [0x0000000740800000, 0x000000075a800000, 0x00000007c0000000)
  eden space 196608K, 0% used [0x0000000740800000,0x0000000740800000,0x000000074c800000)
  from space 16384K, 99% used [0x000000074c800000,0x000000074d7f9628,0x000000074d800000)
  to   space 16384K, 0% used [0x0000000759800000,0x0000000759800000,0x000000075a800000)
 ParOldGen       total 262144K, used 10321K [0x0000000641800000, 0x0000000651800000, 0x0000000740800000)
  object space 262144K, 3% used [0x0000000641800000,0x00000006422146f0,0x0000000651800000)
 Metaspace       used 20843K, capacity 21082K, committed 21248K, reserved 1067008K
  class space    used 2650K, capacity 2721K, committed 2816K, reserved 1048576K
Event: 3.387 GC heap after
Heap after GC invocations=4 (full 1):
 PSYoungGen      total 212992K, used 0K [0x0000000740800000, 0x000000075a800000, 0x00000007c0000000)
  eden space 196608K, 0% used [0x0000000740800000,0x0000000740800000,0x000000074c800000)
  from space 16384K, 0% used [0x000000074c800000,0x000000074c800000,0x000000074d800000)
  to   space 16384K, 0% used [0x0000000759800000,0x0000000759800000,0x000000075a800000)
 ParOldGen       total 173568K, used 18228K [0x0000000641800000, 0x000000064c180000, 0x0000000740800000)
  object space 173568K, 10% used [0x0000000641800000,0x00000006429cd0a0,0x000000064c180000)
 Metaspace       used 20843K, capacity 21082K, committed 21248K, reserved 1067008K
  class space    used 2650K, capacity 2721K, committed 2816K, reserved 1048576K
}

