# JRE version: Java(TM) SE Runtime Environment (8.0_251-b08) (build 1.8.0_251-b08)
# Java VM: Java HotSpot(TM) 64-Bit Server VM (25.251-b08 mixed mode windows-amd64 compressed oops)
Heap:
 PSYoungGen      total 212992K, used 5790K [0x0000000740800000, 0x000000075a800000, 0x00000007c0000000)
  eden space 196608K, 2% used [0x0000000740800000,0x0000000740da7930,0x000000074c800000)
  from space 16384K, 0% used [0x000000074c800000,0x000000074c800000,0x000000074d800000)
  to   space 16384K, 0% used [0x0000000759800000,0x0000000759800000,0x000000075a800000)
 ParOldGen       total 175104K, used 18380K [0x0000000641800000, 0x000000064c300000, 0x0000000740800000)
  object space 175104K, 10% used [0x0000000641800000,0x00000006429f33b0,0x000000064c300000)
 Metaspace       used 21074K, capacity 21374K, committed 21504K, reserved 1069056K
  class space    used 2685K, capacity 2753K, committed 2816K, reserved 1048576K
GC Heap History (8 events):
Event: 1.316 GC heap before
{Heap before GC invocations=1 (full 0):
 PSYoungGen      total 114688K, used 98304K [0x0000000740800000, 0x0000000748800000, 0x00000007c0000000)
  eden space 98304K, 100% used [0x0000000740800000,0x0000000746800000,0x0000000746800000)
  from space 16384K, 0% used [0x0000000747800000,0x0000000747800000,0x0000000748800000)
  to   space 16384K, 0% used [0x0000000746800000,0x0000000746800000,0x0000000747800000)
 ParOldGen       total 262144K, used 0K [0x0000000641800000, 0x0000000651800000, 0x0000000740800000)
  object space 262144K, 0% used [0x0000000641800000,0x0000000641800000,0x0000000651800000)
 Metaspace       used 11706K, capacity 11860K, committed 12160K, reserved 1060864K
  class space    used 1499K, capacity 1558K, committed 1664K, reserved 1048576K
Event: 1.331 GC heap after
Heap after GC invocations=1 (full 0):
 PSYoungGen      total 114688K, used 16371K [0x0000000740800000, 0x000000074e800000, 0x00000007c0000000)
  eden space 98304K, 0% used [0x0000000740800000,0x0000000740800000,0x0000000746800000)
  from space 16384K, 99% used [0x0000000746800000,0x00000007477fce60,0x0000000747800000)
  to   space 16384K, 0% used [0x000000074d800000,0x000000074d800000,0x000000074e800000)
 ParOldGen       total 262144K, used 2406K [0x0000000641800000, 0x0000000651800000, 0x0000000740800000)
  object space 262144K, 0% used [0x0000000641800000,0x0000000641a59850,0x0000000651800000)
 Metaspace       used 11706K, capacity 11860K, committed 12160K, reserved 1060864K
  class space    used 1499K, capacity 1558K, committed 1664K, reserved 1048576K
}
Event: 2.902 GC heap before
{Heap before GC invocations=2 (full 0):
 PSYoungGen      total 114688K, used 114675K [0x0000000740800000, 0x000000074e800000, 0x00000007c0000000)
  eden space 98304K, 100% used [0x0000000740800000,0x0000000746800000,0x0000000746800000)
  from space 16384K, 99% used [0x0000000746800000,0x00000007477fce60,0x0000000747800000)
  to   space 16384K, 0% used [0x000000074d800000,0x000000074d800000,0x000000074e800000)
 ParOldGen       total 262144K, used 2406K [0x0000000641800000, 0x0000000651800000, 0x0000000740800000)
  object space 262144K, 0% used [0x0000000641800000,0x0000000641a59850,0x0000000651800000)
 Metaspace       used 20169K, capacity 20446K, committed 20608K, reserved 1067008K
  class space    used 2580K, capacity 2657K, committed 2688K, reserved 1048576K
Event: 2.924 GC heap after
Heap after GC invocations=2 (full 0):
 PSYoungGen      total 212992K, used 16377K [0x0000000740800000, 0x000000074e800000, 0x00000007c0000000)
  eden space 196608K, 0% used [0x0000000740800000,0x0000000740800000,0x000000074c800000)
  from space 16384K, 99% used [0x000000074d800000,0x000000074e7fe640,0x000000074e800000)
  to   space 16384K, 0% used [0x000000074c800000,0x000000074c800000,0x000000074d800000)
 ParOldGen       total 262144K, used 9919K [0x0000000641800000, 0x0000000651800000, 0x0000000740800000)
  object space 262144K, 3% used [0x0000000641800000,0x00000006421afd58,0x0000000651800000)
 Metaspace       used 20169K, capacity 20446K, committed 20608K, reserved 1067008K
  class space    used 2580K, capacity 2657K, committed 2688K, reserved 1048576K
}
Event: 3.227 GC heap before
{Heap before GC invocations=3 (full 0):
 PSYoungGen      total 212992K, used 25412K [0x0000000740800000, 0x000000074e800000, 0x00000007c0000000)
  eden space 196608K, 4% used [0x0000000740800000,0x00000007410d2b58,0x000000074c800000)
  from space 16384K, 99% used [0x000000074d800000,0x000000074e7fe640,0x000000074e800000)
  to   space 16384K, 0% used [0x000000074c800000,0x000000074c800000,0x000000074d800000)
 ParOldGen       total 262144K, used 9919K [0x0000000641800000, 0x0000000651800000, 0x0000000740800000)
  object space 262144K, 3% used [0x0000000641800000,0x00000006421afd58,0x0000000651800000)
 Metaspace       used 20844K, capacity 21086K, committed 21248K, reserved 1067008K
  class space    used 2650K, capacity 2721K, committed 2816K, reserved 1048576K
Event: 3.240 GC heap after
Heap after GC invocations=3 (full 0):
 PSYoungGen      total 212992K, used 16352K [0x0000000740800000, 0x000000075a800000, 0x00000007c0000000)
  eden space 196608K, 0% used [0x0000000740800000,0x0000000740800000,0x000000074c800000)
  from space 16384K, 99% used [0x000000074c800000,0x000000074d7f82a0,0x000000074d800000)
  to   space 16384K, 0% used [0x0000000759800000,0x0000000759800000,0x000000075a800000)
 ParOldGen       total 262144K, used 10373K [0x0000000641800000, 0x0000000651800000, 0x0000000740800000)
  object space 262144K, 3% used [0x0000000641800000,0x00000006422216d8,0x0000000651800000)
 Metaspace       used 20844K, capacity 21086K, committed 21248K, reserved 1067008K
  class space    used 2650K, capacity 2721K, committed 2816K, reserved 1048576K
}
Event: 3.240 GC heap before
{Heap before GC invocations=4 (full 1):
 PSYoungGen      total 212992K, used 16352K [0x0000000740800000, 0x000000075a800000, 0x00000007c0000000)
  eden space 196608K, 0% used [0x0000000740800000,0x0000000740800000,0x000000074c800000)
  from space 16384K, 99% used [0x000000074c800000,0x000000074d7f82a0,0x000000074d800000)
  to   space 16384K, 0% used [0x0000000759800000,0x0000000759800000,0x000000075a800000)
 ParOldGen       total 262144K, used 10373K [0x0000000641800000, 0x0000000651800000, 0x0000000740800000)
  object space 262144K, 3% used [0x0000000641800000,0x00000006422216d8,0x0000000651800000)
 Metaspace       used 20844K, capacity 21086K, committed 21248K, reserved 1067008K
  class space    used 2650K, capacity 2721K, committed 2816K, reserved 1048576K
Event: 3.309 GC heap after
Heap after GC invocations=4 (full 1):
 PSYoungGen      total 212992K, used 0K [0x0000000740800000, 0x000000075a800000, 0x00000007c0000000)
  eden space 196608K, 0% used [0x0000000740800000,0x0000000740800000,0x000000074c800000)
  from space 16384K, 0% used [0x000000074c800000,0x000000074c800000,0x000000074d800000)
  to   space 16384K, 0% used [0x0000000759800000,0x0000000759800000,0x000000075a800000)
 ParOldGen       total 175104K, used 18380K [0x0000000641800000, 0x000000064c300000, 0x0000000740800000)
  object space 175104K, 10% used [0x0000000641800000,0x00000006429f33b0,0x000000064c300000)
 Metaspace       used 20844K, capacity 21086K, committed 21248K, reserved 1067008K
  class space    used 2650K, capacity 2721K, committed 2816K, reserved 1048576K
}

